============================= test session starts =============================
platform win32 -- Python 3.14.6, pytest-9.1.1, pluggy-1.6.0
rootdir: C:\Users\HP\OneDrive\Desktop\.vscode\gen ai\backend
configfile: pyproject.toml
plugins: anyio-4.14.2, langsmith-0.10.15, asyncio-1.4.0
asyncio: mode=Mode.STRICT, debug=False, asyncio_default_fixture_loop_scope=None, asyncio_default_test_loop_scope=function
collected 1 item / 1 error

=================================== ERRORS ====================================
________________________ ERROR collecting test_api.py _________________________
venv\Lib\site-packages\urllib3\connection.py:204: in _new_conn
    sock = connection.create_connection(
venv\Lib\site-packages\urllib3\util\connection.py:85: in create_connection
    raise err
venv\Lib\site-packages\urllib3\util\connection.py:73: in create_connection
    sock.connect(sa)
E   ConnectionRefusedError: [WinError 10061] No connection could be made because the target machine actively refused it

The above exception was the direct cause of the following exception:
venv\Lib\site-packages\urllib3\connectionpool.py:788: in urlopen
    response = self._make_request(
venv\Lib\site-packages\urllib3\connectionpool.py:493: in _make_request
    conn.request(
venv\Lib\site-packages\urllib3\connection.py:500: in request
    self.endheaders()
C:\Python314\Lib\http\client.py:1362: in endheaders
    self._send_output(message_body, encode_chunked=encode_chunked)
C:\Python314\Lib\http\client.py:1122: in _send_output
    self.send(msg)
C:\Python314\Lib\http\client.py:1066: in send
    self.connect()
venv\Lib\site-packages\urllib3\connection.py:331: in connect
    self.sock = self._new_conn()
                ^^^^^^^^^^^^^^^^
venv\Lib\site-packages\urllib3\connection.py:219: in _new_conn
    raise NewConnectionError(
E   urllib3.exceptions.NewConnectionError: HTTPConnection(host='127.0.0.1', port=8000): Failed to establish a new connection: [WinError 10061] No connection could be made because the target machine actively refused it

The above exception was the direct cause of the following exception:
venv\Lib\site-packages\requests\adapters.py:696: in send
    resp = conn.urlopen(
venv\Lib\site-packages\urllib3\connectionpool.py:842: in urlopen
    retries = retries.increment(
venv\Lib\site-packages\urllib3\util\retry.py:543: in increment
    raise MaxRetryError(_pool, url, reason) from reason  # type: ignore[arg-type]
    ^^^^^^^^^^^^^^^^^^^^^^^^^^^^^^^^^^^^^^^^^^^^^^^^^^^
E   urllib3.exceptions.MaxRetryError: HTTPConnectionPool(host='127.0.0.1', port=8000): Max retries exceeded with url: /auth/register (Caused by NewConnectionError("HTTPConnection(host='127.0.0.1', port=8000): Failed to establish a new connection: [WinError 10061] No connection could be made because the target machine actively refused it"))

During handling of the above exception, another exception occurred:
test_api.py:2: in <module>
    resp = requests.post("http://127.0.0.1:8000/auth/register", json={"email": "testrun@example.com", "password": "TestPassword123!"})
           ^^^^^^^^^^^^^^^^^^^^^^^^^^^^^^^^^^^^^^^^^^^^^^^^^^^^^^^^^^^^^^^^^^^^^^^^^^^^^^^^^^^^^^^^^^^^^^^^^^^^^^^^^^^^^^^^^^^^^^^^^^^
venv\Lib\site-packages\requests\api.py:134: in post
    return request("post", url, data=data, json=json, **kwargs)
           ^^^^^^^^^^^^^^^^^^^^^^^^^^^^^^^^^^^^^^^^^^^^^^^^^^^^
venv\Lib\site-packages\requests\api.py:71: in request
    return session.request(method=method, url=url, **kwargs)
           ^^^^^^^^^^^^^^^^^^^^^^^^^^^^^^^^^^^^^^^^^^^^^^^^^
venv\Lib\site-packages\requests\sessions.py:651: in request
    resp = self.send(prep, **send_kwargs)
           ^^^^^^^^^^^^^^^^^^^^^^^^^^^^^^
venv\Lib\site-packages\requests\sessions.py:784: in send
    r = adapter.send(request, **kwargs)
        ^^^^^^^^^^^^^^^^^^^^^^^^^^^^^^^
venv\Lib\site-packages\requests\adapters.py:729: in send
    raise ConnectionError(e, request=request)
E   requests.exceptions.ConnectionError: HTTPConnectionPool(host='127.0.0.1', port=8000): Max retries exceeded with url: /auth/register (Caused by NewConnectionError("HTTPConnection(host='127.0.0.1', port=8000): Failed to establish a new connection: [WinError 10061] No connection could be made because the target machine actively refused it"))
=========================== short test summary info ===========================
ERROR test_api.py - requests.exceptions.ConnectionError: HTTPConnectionPool(h...
!!!!!!!!!!!!!!!!!!! Interrupted: 1 error during collection !!!!!!!!!!!!!!!!!!!!
============================== 1 error in 2.47s ===============================
